<?xml version="1.0" encoding="UTF-8"?>
<!-- Generated by org.testng.reporters.JUnitReportReporter -->
<testsuite hostname="DESKTOP-O6I509E" failures="0" tests="1" name="three_Layer_Testing.Graphical_Representation" time="8.887" errors="0" timestamp="2023-02-24T15:07:20 IST" skipped="0">
  <testcase classname="three_Layer_Testing.Graphical_Representation" name="gui" time="8.887"/>
  <system-out/>
</testsuite> <!-- three_Layer_Testing.Graphical_Representation -->
