<?xml version="1.0" encoding="UTF-8"?>
<!-- Generated by org.testng.reporters.JUnitReportReporter -->
<testsuite hostname="DESKTOP-O6I509E" failures="0" tests="1" name="authentication.Auth_2" time="4.362" errors="0" timestamp="2023-02-24T10:16:56 IST" skipped="0">
  <testcase classname="authentication.Auth_2" name="generateToken" time="4.362"/>
  <system-out/>
</testsuite> <!-- authentication.Auth_2 -->
