<?xml version="1.0" encoding="UTF-8"?>
<!-- Generated by org.testng.reporters.JUnitReportReporter -->
<testsuite hostname="DESKTOP-O6I509E" failures="0" tests="1" name="cookiesAndHeader.Logging" time="4.743" errors="0" timestamp="2023-03-02T17:11:30 IST" skipped="0">
  <testcase classname="cookiesAndHeader.Logging" name="logg" time="4.743"/>
  <system-out/>
</testsuite> <!-- cookiesAndHeader.Logging -->
