<?xml version="1.0" encoding="UTF-8"?>
<!-- Generated by org.testng.reporters.JUnitReportReporter -->
<testsuite hostname="DESKTOP-O6I509E" failures="0" tests="1" name="crud_Operation.UpdateProject" time="2.932" errors="0" timestamp="2023-02-17T17:31:19 IST" skipped="0">
  <testcase classname="crud_Operation.UpdateProject" name="updateProject" time="2.932"/>
  <system-out/>
</testsuite> <!-- crud_Operation.UpdateProject -->
