<?xml version="1.0" encoding="UTF-8"?>
<!-- Generated by org.testng.reporters.JUnitReportReporter -->
<testsuite hostname="DESKTOP-O6I509E" failures="0" tests="1" name="crud_Operation_WithBDD.CreateProjectUsing_Hashmap" time="2.684" errors="0" timestamp="2023-02-21T11:43:45 IST" skipped="0">
  <testcase classname="crud_Operation_WithBDD.CreateProjectUsing_Hashmap" name="create" time="2.684"/>
  <system-out/>
</testsuite> <!-- crud_Operation_WithBDD.CreateProjectUsing_Hashmap -->
