<?xml version="1.0" encoding="UTF-8"?>
<!-- Generated by org.testng.reporters.JUnitReportReporter -->
<testsuite hostname="DESKTOP-O6I509E" failures="0" tests="1" name="Parameter.PathParameter" time="1.879" errors="0" timestamp="2023-02-24T17:54:15 IST" skipped="0">
  <testcase classname="Parameter.PathParameter" name="pathParametr" time="1.879"/>
  <system-out/>
</testsuite> <!-- Parameter.PathParameter -->
