<?xml version="1.0" encoding="UTF-8"?>
<!-- Generated by org.testng.reporters.JUnitReportReporter -->
<testsuite hostname="DESKTOP-O6I509E" failures="0" tests="1" name="deserialization.PetStrore_Deserialization" time="0.221" errors="1" timestamp="2023-02-25T18:57:08 IST" skipped="0">
  <testcase classname="deserialization.PetStrore_Deserialization" name="deserialization_PetStrore" time="0.221">
    <error message="No suitable constructor found for type [simple type, class pojo_class.Category_PetStrore]: can not instantiate from JSON object (need to add/enable type information?)
 at [Source: .\Petstore.json; line: 1, column: 22] (through reference chain: pojo_class.PetStrore_Pet[&quot;category&quot;])" type="org.codehaus.jackson.map.JsonMappingException">
      <![CDATA[org.codehaus.jackson.map.JsonMappingException: No suitable constructor found for type [simple type, class pojo_class.Category_PetStrore]: can not instantiate from JSON object (need to add/enable type information?)
 at [Source: .\Petstore.json; line: 1, column: 22] (through reference chain: pojo_class.PetStrore_Pet["category"])
at org.codehaus.jackson.map.JsonMappingException.from(JsonMappingException.java:163)
at org.codehaus.jackson.map.deser.BeanDeserializer.deserializeFromObjectUsingNonDefault(BeanDeserializer.java:746)
at org.codehaus.jackson.map.deser.BeanDeserializer.deserializeFromObject(BeanDeserializer.java:683)
at org.codehaus.jackson.map.deser.BeanDeserializer.deserialize(BeanDeserializer.java:580)
at org.codehaus.jackson.map.deser.SettableBeanProperty.deserialize(SettableBeanProperty.java:299)
at org.codehaus.jackson.map.deser.SettableBeanProperty$MethodProperty.deserializeAndSet(SettableBeanProperty.java:414)
at org.codehaus.jackson.map.deser.BeanDeserializer.deserializeFromObject(BeanDeserializer.java:697)
at org.codehaus.jackson.map.deser.BeanDeserializer.deserialize(BeanDeserializer.java:580)
at org.codehaus.jackson.map.ObjectMapper._readMapAndClose(ObjectMapper.java:2732)
at org.codehaus.jackson.map.ObjectMapper.readValue(ObjectMapper.java:1817)
at deserialization.PetStrore_Deserialization.deserialization_PetStrore(PetStrore_Deserialization.java:17)
at java.base/jdk.internal.reflect.DirectMethodHandleAccessor.invoke(DirectMethodHandleAccessor.java:104)
at java.base/java.lang.reflect.Method.invoke(Method.java:577)
at org.testng.internal.MethodInvocationHelper.invokeMethod(MethodInvocationHelper.java:134)
at org.testng.internal.TestInvoker.invokeMethod(TestInvoker.java:597)
at org.testng.internal.TestInvoker.invokeTestMethod(TestInvoker.java:173)
at org.testng.internal.MethodRunner.runInSequence(MethodRunner.java:46)
at org.testng.internal.TestInvoker$MethodInvocationAgent.invoke(TestInvoker.java:816)
at org.testng.internal.TestInvoker.invokeTestMethods(TestInvoker.java:146)
at org.testng.internal.TestMethodWorker.invokeTestMethods(TestMethodWorker.java:146)
at org.testng.internal.TestMethodWorker.run(TestMethodWorker.java:128)
at java.base/java.util.ArrayList.forEach(ArrayList.java:1511)
at org.testng.TestRunner.privateRun(TestRunner.java:766)
at org.testng.TestRunner.run(TestRunner.java:587)
at org.testng.SuiteRunner.runTest(SuiteRunner.java:384)
at org.testng.SuiteRunner.runSequentially(SuiteRunner.java:378)
at org.testng.SuiteRunner.privateRun(SuiteRunner.java:337)
at org.testng.SuiteRunner.run(SuiteRunner.java:286)
at org.testng.SuiteRunnerWorker.runSuite(SuiteRunnerWorker.java:53)
at org.testng.SuiteRunnerWorker.run(SuiteRunnerWorker.java:96)
at org.testng.TestNG.runSuitesSequentially(TestNG.java:1187)
at org.testng.TestNG.runSuitesLocally(TestNG.java:1109)
at org.testng.TestNG.runSuites(TestNG.java:1039)
at org.testng.TestNG.run(TestNG.java:1007)
at org.testng.remote.AbstractRemoteTestNG.run(AbstractRemoteTestNG.java:115)
at org.testng.remote.RemoteTestNG.initAndRun(RemoteTestNG.java:251)
at org.testng.remote.RemoteTestNG.main(RemoteTestNG.java:77)
]]>
    </error>
  </testcase> <!-- deserialization_PetStrore -->
  <system-out/>
</testsuite> <!-- deserialization.PetStrore_Deserialization -->
