<?xml version="1.0" encoding="UTF-8"?>
<!-- Generated by org.testng.reporters.JUnitReportReporter -->
<testsuite hostname="DESKTOP-O6I509E" failures="0" tests="1" name="crud_Operation_WithBDD.CreateProjectFile" time="2.149" errors="0" timestamp="2023-02-20T15:35:55 IST" skipped="0">
  <testcase classname="crud_Operation_WithBDD.CreateProjectFile" name="create" time="2.149"/>
  <system-out/>
</testsuite> <!-- crud_Operation_WithBDD.CreateProjectFile -->
