<?xml version="1.0" encoding="UTF-8"?>
<!-- Generated by org.testng.reporters.JUnitReportReporter -->
<testsuite hostname="DESKTOP-O6I509E" failures="0" tests="1" name="github.RequestChaining" time="6.308" errors="0" timestamp="2023-03-01T16:53:10 IST" skipped="0">
  <testcase classname="github.RequestChaining" name="requests" time="6.308"/>
  <system-out/>
</testsuite> <!-- github.RequestChaining -->
