<?xml version="1.0" encoding="UTF-8"?>
<!-- Generated by org.testng.reporters.JUnitReportReporter -->
<testsuite hostname="DESKTOP-O6I509E" failures="0" tests="1" name="github.CreateRepo" time="4.734" errors="0" timestamp="2023-02-28T22:57:44 IST" skipped="0">
  <testcase classname="github.CreateRepo" name="create" time="4.734"/>
  <system-out/>
</testsuite> <!-- github.CreateRepo -->
