<?xml version="1.0" encoding="UTF-8"?>
<!-- Generated by org.testng.reporters.JUnitReportReporter -->
<testsuite hostname="DESKTOP-O6I509E" failures="0" tests="1" name="crud_Operation.DeleteProject" time="2.510" errors="0" timestamp="2023-02-17T17:37:55 IST" skipped="0">
  <testcase classname="crud_Operation.DeleteProject" name="deleteProject" time="2.510"/>
  <system-out/>
</testsuite> <!-- crud_Operation.DeleteProject -->
