<?xml version="1.0" encoding="UTF-8"?>
<!-- Generated by org.testng.reporters.JUnitReportReporter -->
<testsuite hostname="DESKTOP-O6I509E" failures="0" tests="1" name="cookiesAndHeader.Headers" time="3.468" errors="0" timestamp="2023-03-02T16:49:30 IST" skipped="0">
  <testcase classname="cookiesAndHeader.Headers" name="getHeader" time="3.468"/>
  <system-out/>
</testsuite> <!-- cookiesAndHeader.Headers -->
