<?xml version="1.0" encoding="UTF-8"?>
<!-- Generated by org.testng.reporters.JUnitReportReporter -->
<testsuite hostname="DESKTOP-O6I509E" failures="0" tests="1" name="github.CreateProjectUsing_pojo" time="4.166" errors="0" timestamp="2023-03-01T11:53:35 IST" skipped="0">
  <testcase classname="github.CreateProjectUsing_pojo" name="create" time="4.166"/>
  <system-out/>
</testsuite> <!-- github.CreateProjectUsing_pojo -->
