<?xml version="1.0" encoding="UTF-8"?>
<!-- Generated by org.testng.reporters.JUnitReportReporter -->
<testsuite hostname="DESKTOP-O6I509E" failures="0" tests="1" name="crud_Operation.GetProject" time="5.404" errors="0" timestamp="2023-02-17T17:41:03 IST" skipped="0">
  <testcase classname="crud_Operation.GetProject" name="getAllProjects" time="5.404"/>
  <system-out/>
</testsuite> <!-- crud_Operation.GetProject -->
