<?xml version="1.0" encoding="UTF-8"?>
<!-- Generated by org.testng.reporters.JUnitReportReporter -->
<testsuite hostname="DESKTOP-O6I509E" failures="0" tests="1" name="cookiesAndHeader.Cookies" time="2.650" errors="0" timestamp="2023-03-02T15:55:28 IST" skipped="0">
  <testcase classname="cookiesAndHeader.Cookies" name="getCookie" time="2.650"/>
  <system-out/>
</testsuite> <!-- cookiesAndHeader.Cookies -->
