<?xml version="1.0" encoding="UTF-8"?>
<!-- Generated by org.testng.reporters.JUnitReportReporter -->
<testsuite hostname="DESKTOP-O6I509E" failures="0" tests="1" name="crud_Operation_WithoutBDD.CreateProjectWithoutBDD" time="2.826" errors="0" timestamp="2023-02-21T15:17:40 IST" skipped="0">
  <testcase classname="crud_Operation_WithoutBDD.CreateProjectWithoutBDD" name="createProject" time="2.826"/>
  <system-out/>
</testsuite> <!-- crud_Operation_WithoutBDD.CreateProjectWithoutBDD -->
