<?xml version="1.0" encoding="UTF-8"?>
<!-- Generated by org.testng.reporters.JUnitReportReporter -->
<testsuite hostname="DESKTOP-O6I509E" failures="0" tests="1" name="crud_Operation_WithoutBDD.GetProjectsWithoutBDD" time="5.671" errors="0" timestamp="2023-02-20T12:46:05 IST" skipped="0">
  <testcase classname="crud_Operation_WithoutBDD.GetProjectsWithoutBDD" name="getAllProjects" time="5.671"/>
  <system-out/>
</testsuite> <!-- crud_Operation_WithoutBDD.GetProjectsWithoutBDD -->
