<?xml version="1.0" encoding="UTF-8"?>
<!-- Generated by org.testng.reporters.JUnitReportReporter -->
<testsuite hostname="DESKTOP-O6I509E" failures="0" tests="1" name="crud_Operation_WithoutBDD.GetProject1WithoutBDD" time="2.902" errors="0" timestamp="2023-02-21T10:10:16 IST" skipped="0">
  <testcase classname="crud_Operation_WithoutBDD.GetProject1WithoutBDD" name="getAllProjects" time="2.902"/>
  <system-out/>
</testsuite> <!-- crud_Operation_WithoutBDD.GetProject1WithoutBDD -->
