<?xml version="1.0" encoding="UTF-8"?>
<!-- Generated by org.testng.reporters.JUnitReportReporter -->
<testsuite hostname="DESKTOP-O6I509E" failures="0" tests="1" name="validation.RequestChaining" time="3.013" errors="0" timestamp="2023-02-22T12:34:15 IST" skipped="0">
  <testcase classname="validation.RequestChaining" name="main" time="3.013"/>
  <system-out/>
</testsuite> <!-- validation.RequestChaining -->
