<?xml version="1.0" encoding="UTF-8"?>
<!-- Generated by org.testng.reporters.JUnitReportReporter -->
<testsuite hostname="DESKTOP-O6I509E" failures="0" tests="1" name="three_Layer_Testing.Create_Project_Using_GUI" time="23.082" errors="0" timestamp="2023-02-24T15:21:02 IST" skipped="0">
  <testcase classname="three_Layer_Testing.Create_Project_Using_GUI" name="gui" time="23.082"/>
  <system-out/>
</testsuite> <!-- three_Layer_Testing.Create_Project_Using_GUI -->
