<?xml version="1.0" encoding="UTF-8"?>
<!-- Generated by org.testng.reporters.JUnitReportReporter -->
<testsuite hostname="DESKTOP-O6I509E" failures="0" tests="1" name="github.ProjectsGithub" time="3.759" errors="0" timestamp="2023-02-28T23:38:41 IST" skipped="0">
  <testcase classname="github.ProjectsGithub" name="getAllProjects" time="3.759"/>
  <system-out/>
</testsuite> <!-- github.ProjectsGithub -->
