<?xml version="1.0" encoding="UTF-8"?>
<!-- Generated by org.testng.reporters.JUnitReportReporter -->
<testsuite hostname="DESKTOP-O6I509E" failures="0" tests="1" name="validation.StaticResponseValidation" time="7.873" errors="0" timestamp="2023-02-21T15:26:25 IST" skipped="0">
  <testcase classname="validation.StaticResponseValidation" name="staticResponseGet" time="7.873"/>
  <system-out/>
</testsuite> <!-- validation.StaticResponseValidation -->
