<?xml version="1.0" encoding="UTF-8"?>
<!-- Generated by org.testng.reporters.JUnitReportReporter -->
<testsuite hostname="DESKTOP-O6I509E" failures="0" tests="1" name="crud_Operation.GetProject1" time="2.185" errors="0" timestamp="2023-02-17T17:47:40 IST" skipped="0">
  <testcase classname="crud_Operation.GetProject1" name="getAllProjects" time="2.185"/>
  <system-out/>
</testsuite> <!-- crud_Operation.GetProject1 -->
