<?xml version="1.0" encoding="UTF-8"?>
<!-- Generated by org.testng.reporters.JUnitReportReporter -->
<testsuite hostname="DESKTOP-O6I509E" failures="0" tests="1" name="github.Dynamic_Response_Validation" time="5.126" errors="0" timestamp="2023-03-01T11:50:32 IST" skipped="0">
  <testcase classname="github.Dynamic_Response_Validation" name="dynamic" time="5.126"/>
  <system-out/>
</testsuite> <!-- github.Dynamic_Response_Validation -->
