<?xml version="1.0" encoding="UTF-8"?>
<!-- Generated by org.testng.reporters.JUnitReportReporter -->
<testsuite hostname="DESKTOP-O6I509E" failures="0" tests="1" name="github.ProjectsWithoutBDD" time="4.757" errors="0" timestamp="2023-02-28T23:59:04 IST" skipped="0">
  <testcase classname="github.ProjectsWithoutBDD" name="getAllProjects" time="4.757"/>
  <system-out/>
</testsuite> <!-- github.ProjectsWithoutBDD -->
