<?xml version="1.0" encoding="UTF-8"?>
<!-- Generated by org.testng.reporters.JUnitReportReporter -->
<testsuite hostname="DESKTOP-O6I509E" failures="0" tests="3" name="github.CreateMultipleProjectWithDiffData" time="9.179" errors="0" timestamp="2023-03-01T16:29:45 IST" skipped="0">
  <testcase classname="github.CreateMultipleProjectWithDiffData" name="createProject" time="1.756"/>
  <system-out/>
  <testcase classname="github.CreateMultipleProjectWithDiffData" name="createProject" time="5.402"/>
  <system-out/>
  <testcase classname="github.CreateMultipleProjectWithDiffData" name="createProject" time="2.021"/>
  <system-out/>
</testsuite> <!-- github.CreateMultipleProjectWithDiffData -->
