<?xml version="1.0" encoding="UTF-8"?>
<!-- Generated by org.testng.reporters.JUnitReportReporter -->
<testsuite hostname="DESKTOP-O6I509E" failures="0" tests="1" name="crud_Operation.GetProjects" time="1.888" errors="0" timestamp="2023-02-17T17:22:11 IST" skipped="0">
  <testcase classname="crud_Operation.GetProjects" name="getAllProjects" time="1.888"/>
  <system-out/>
</testsuite> <!-- crud_Operation.GetProjects -->
