<?xml version="1.0" encoding="UTF-8"?>
<!-- Generated by org.testng.reporters.JUnitReportReporter -->
<testsuite hostname="DESKTOP-O6I509E" failures="0" tests="1" name="serialization.PetStrore_Serialization" time="0.197" errors="0" timestamp="2023-02-25T18:57:50 IST" skipped="0">
  <testcase classname="serialization.PetStrore_Serialization" name="create" time="0.197"/>
  <system-out/>
</testsuite> <!-- serialization.PetStrore_Serialization -->
