<?xml version="1.0" encoding="UTF-8"?>
<!-- Generated by org.testng.reporters.JUnitReportReporter -->
<testsuite hostname="DESKTOP-O6I509E" failures="0" tests="1" name="github.UpdateProjectWithBDD" time="3.185" errors="0" timestamp="2023-03-02T15:06:55 IST" skipped="0">
  <testcase classname="github.UpdateProjectWithBDD" name="update" time="3.185"/>
  <system-out/>
</testsuite> <!-- github.UpdateProjectWithBDD -->
