<?xml version="1.0" encoding="UTF-8"?>
<!-- Generated by org.testng.reporters.JUnitReportReporter -->
<testsuite hostname="DESKTOP-O6I509E" failures="0" tests="1" name="crud_Operation_WithBDD.UpdateProject" time="2.727" errors="0" timestamp="2023-02-20T12:52:07 IST" skipped="0">
  <testcase classname="crud_Operation_WithBDD.UpdateProject" name="update" time="2.727"/>
  <system-out/>
</testsuite> <!-- crud_Operation_WithBDD.UpdateProject -->
