<?xml version="1.0" encoding="UTF-8"?>
<!-- Generated by org.testng.reporters.JUnitReportReporter -->
<testsuite hostname="DESKTOP-O6I509E" failures="0" tests="1" name="crud_Operation_WithBDD.CreateProject" time="2.015" errors="0" timestamp="2023-02-22T12:58:23 IST" skipped="0">
  <testcase classname="crud_Operation_WithBDD.CreateProject" name="create" time="2.015"/>
  <system-out/>
</testsuite> <!-- crud_Operation_WithBDD.CreateProject -->
