<?xml version="1.0" encoding="UTF-8"?>
<!-- Generated by org.testng.reporters.JUnitReportReporter -->
<testsuite hostname="DESKTOP-O6I509E" failures="0" tests="1" name="github.UpdateProjectsWithBDD" time="3.916" errors="0" timestamp="2023-03-01T00:19:47 IST" skipped="0">
  <testcase classname="github.UpdateProjectsWithBDD" name="update" time="3.916"/>
  <system-out/>
</testsuite> <!-- github.UpdateProjectsWithBDD -->
