<?xml version="1.0" encoding="UTF-8"?>
<!-- Generated by org.testng.reporters.JUnitReportReporter -->
<testsuite hostname="DESKTOP-O6I509E" failures="0" tests="1" name="crud_Operation_WithBDD.GetProject" time="1.981" errors="0" timestamp="2023-02-20T12:16:32 IST" skipped="0">
  <testcase classname="crud_Operation_WithBDD.GetProject" name="getProject" time="1.981"/>
  <system-out/>
</testsuite> <!-- crud_Operation_WithBDD.GetProject -->
